Arguments: 
  /usr/local/Cellar/node/7.5.0/bin/node /usr/local/bin/yarn

PATH: 
  /usr/local/bin:/usr/bin:/bin:/usr/sbin:/sbin

Yarn version: 
  0.20.3

Node version: 
  7.5.0

Platform: 
  darwin x64

npm manifest: 
  {
    "name": "dashboard",
    "version": "0.0.0",
    "license": "MIT",
    "angular-cli": {},
    "scripts": {
      "start": "ng serve --proxy-config proxy.conf.json",
      "lint": "tslint \"src/**/*.ts\"",
      "test": "ng test",
      "pree2e": "webdriver-manager update",
      "e2e": "protractor"
    },
    "private": true,
    "dependencies": {
     "@angular/common": "^2.4.0",
      "@angular/compiler": "^2.4.0",
      "@angular/core": "^2.4.0",
      "@angular/forms": "^2.4.0",
      "@angular/http": "2.4.5",
      "@angular/platform-browser": "^2.4.0",
      "@angular/platform-browser-dynamic": "^2.4.0",
      "@angular/router": "^3.4.0",
      "@ng-bootstrap/ng-bootstrap": "^1.0.0-alpha.20",
      "@ngrx/core": "^1.2.0",
      "@ngrx/router-store": "^1.2.5",
      "@ngrx/store": "^2.2.1",
      "@types/lodash": "^4.14.43",
      "angular-jwt": "latest",
      "angular2-google-maps": "^0.15.0",
      "angular2-jwt": "^0.1.26",
      "angular2-notifications": "^0.4.49",
      "angular2-qrcode": "^1.0.5",
      "angular2-tooltip": "^2.3.1",
      "angular2-ui-switch": "1.2.0",
      "bootstrap": "^4.0.0-alpha.5",
      "core-js": "^2.4.1",
      "d3": "^4.4.0",
      "echarts": "^3.3.2",
      "font-awesome": "^4.7.0",
      "jquery": "^3.1.1",
      "jsmpeg": "latest",
      "lodash": "^4.17.2",
      "ng2-charts": "^1.4.1",
      "ngx-dropdown": "^0.0.22",
      "ngx-tooltip": "0.0.9",
      "rxjs": "5.0.0-rc.4",
      "socket.io": "latest",
      "socket.io-client": "^1.5.1",
      "socketio-jwt": "^4.5.0",
      "three": "^0.81.2",
      "three-stl-loader": "^1.0.4"
    },
    "devDependencies": {
      "@angular/cli": "1.0.0-beta.32.3",
      "@angular/compiler-cli": "^2.4.0",
      "@types/jasmine": "2.5.38",
      "@types/node": "~6.0.60",
      "codelyzer": "~2.0.0-beta.4",
      "jasmine-core": "~2.5.2",
      "jasmine-spec-reporter": "~3.2.0",
      "karma": "~1.4.1",
      "karma-chrome-launcher": "~2.0.0",
      "karma-cli": "~1.0.1",
      "karma-jasmine": "~1.1.0",
      "karma-jasmine-html-reporter": "^0.2.2",
      "karma-coverage-istanbul-reporter": "^0.2.0",
      "protractor": "~5.1.0",
      "ts-node": "~2.0.0",
      "tslint": "~4.4.2",
      "typescript": "~2.0.0"
    }
  }

yarn manifest: 
  No manifest

Lockfile: 
  No lockfile

Trace: 
  Error: ENOENT: no such file or directory, open '/Users/junchao/workspace/dashboard/node_modules/agent-base/node_modules/semver/package.json'
